  [1m[35m (514.7ms)[0m  [1m[35mCREATE DATABASE "info_zahyst_development" ENCODING = 'unicode'[0m
  [1m[35m (421.5ms)[0m  [1m[35mCREATE DATABASE "info_zahyst_test" ENCODING = 'unicode'[0m
  [1m[35m (34.2ms)[0m  [1m[35mCREATE TABLE "schema_migrations" ("version" character varying NOT NULL PRIMARY KEY)[0m
  [1m[35m (9.4ms)[0m  [1m[35mCREATE TABLE "ar_internal_metadata" ("key" character varying NOT NULL PRIMARY KEY, "value" character varying, "created_at" timestamp(6) NOT NULL, "updated_at" timestamp(6) NOT NULL)[0m
  [1m[35m (0.5ms)[0m  [1m[34mSELECT pg_try_advisory_lock(5523424769848216455)[0m
  [1m[35m (1.1ms)[0m  [1m[34mSELECT "schema_migrations"."version" FROM "schema_migrations" ORDER BY "schema_migrations"."version" ASC[0m
Migrating to CreateUsers (20200516155215)
  [1m[35m (0.1ms)[0m  [1m[35mBEGIN[0m
  [1m[35m (9.2ms)[0m  [1m[35mCREATE TABLE "users" ("id" bigserial primary key, "first_name" character varying NOT NULL, "last_name" character varying NOT NULL)[0m
  [1m[36mprimary::SchemaMigration Create (0.4ms)[0m  [1m[32mINSERT INTO "schema_migrations" ("version") VALUES ($1) RETURNING "version"[0m  [["version", "20200516155215"]]
  [1m[35m (0.6ms)[0m  [1m[35mCOMMIT[0m
Migrating to CreateRestaurants (20200516155224)
  [1m[35m (0.3ms)[0m  [1m[35mBEGIN[0m
  [1m[35m (3.9ms)[0m  [1m[35mCREATE TABLE "restaurants" ("id" bigserial primary key, "name" character varying NOT NULL, "opening" integer NOT NULL, "closing" integer NOT NULL)[0m
  [1m[36mprimary::SchemaMigration Create (0.2ms)[0m  [1m[32mINSERT INTO "schema_migrations" ("version") VALUES ($1) RETURNING "version"[0m  [["version", "20200516155224"]]
  [1m[35m (0.6ms)[0m  [1m[35mCOMMIT[0m
Migrating to CreateTables (20200516155233)
  [1m[35m (0.4ms)[0m  [1m[35mBEGIN[0m
  [1m[35m (3.2ms)[0m  [1m[35mCREATE TABLE "tables" ("id" bigserial primary key, "restaurant_id" integer NOT NULL, "name" character varying)[0m
  [1m[36mprimary::SchemaMigration Create (2.6ms)[0m  [1m[32mINSERT INTO "schema_migrations" ("version") VALUES ($1) RETURNING "version"[0m  [["version", "20200516155233"]]
  [1m[35m (4.9ms)[0m  [1m[35mCOMMIT[0m
Migrating to CreateBookings (20200516155245)
  [1m[35m (0.3ms)[0m  [1m[35mBEGIN[0m
  [1m[35m (2.8ms)[0m  [1m[35mCREATE TABLE "bookings" ("id" bigserial primary key, "user_id" integer NOT NULL, "table_id" integer NOT NULL, "start_time" integer NOT NULL, "duration" integer NOT NULL, "created_at" timestamp(6) NOT NULL, "updated_at" timestamp(6) NOT NULL)[0m
  [1m[36mprimary::SchemaMigration Create (0.3ms)[0m  [1m[32mINSERT INTO "schema_migrations" ("version") VALUES ($1) RETURNING "version"[0m  [["version", "20200516155245"]]
  [1m[35m (0.4ms)[0m  [1m[35mCOMMIT[0m
  [1m[36mActiveRecord::InternalMetadata Load (0.4ms)[0m  [1m[34mSELECT "ar_internal_metadata".* FROM "ar_internal_metadata" WHERE "ar_internal_metadata"."key" = $1 LIMIT $2[0m  [["key", "environment"], ["LIMIT", 1]]
  [1m[35m (2.7ms)[0m  [1m[35mBEGIN[0m
  [1m[36mActiveRecord::InternalMetadata Create (1.0ms)[0m  [1m[32mINSERT INTO "ar_internal_metadata" ("key", "value", "created_at", "updated_at") VALUES ($1, $2, $3, $4) RETURNING "key"[0m  [["key", "environment"], ["value", "development"], ["created_at", "2020-05-16 15:53:59.465073"], ["updated_at", "2020-05-16 15:53:59.465073"]]
  [1m[35m (4.2ms)[0m  [1m[35mCOMMIT[0m
  [1m[35m (0.9ms)[0m  [1m[34mSELECT pg_advisory_unlock(5523424769848216455)[0m
  [1m[35m (5.6ms)[0m  [1m[34mSELECT "schema_migrations"."version" FROM "schema_migrations" ORDER BY "schema_migrations"."version" ASC[0m
  [1m[35m (0.2ms)[0m  [1m[35mBEGIN[0m
  [1m[36mUser Create (2.4ms)[0m  [1m[32mINSERT INTO "users" ("last_name") VALUES ($1) RETURNING "id"[0m  [["last_name", "Surname"]]
  [1m[35m (0.9ms)[0m  [1m[31mROLLBACK[0m
  [1m[35m (0.2ms)[0m  [1m[35mBEGIN[0m
  [1m[36mUser Create (0.8ms)[0m  [1m[32mINSERT INTO "users" ("first_name", "last_name") VALUES ($1, $2) RETURNING "id"[0m  [["first_name", "Test"], ["last_name", "Surname"]]
  [1m[35m (4.6ms)[0m  [1m[35mCOMMIT[0m
  [1m[35m (0.2ms)[0m  [1m[35mBEGIN[0m
  [1m[36mRestaurant Create (1.5ms)[0m  [1m[32mINSERT INTO "restaurants" ("name", "opening", "closing") VALUES ($1, $2, $3) RETURNING "id"[0m  [["name", "Title"], ["opening", 43200], ["closing", 3600]]
  [1m[36mRestaurant Update (0.4ms)[0m  [1m[33mUPDATE "restaurants" SET "closing" = $1 WHERE "restaurants"."id" = $2[0m  [["closing", 90000], ["id", 1]]
  [1m[35m (3.2ms)[0m  [1m[35mCOMMIT[0m
  [1m[36mRestaurant Load (0.2ms)[0m  [1m[34mSELECT "restaurants".* FROM "restaurants" ORDER BY "restaurants"."id" ASC LIMIT $1[0m  [["LIMIT", 1]]
  [1m[36mRestaurant Load (0.3ms)[0m  [1m[34mSELECT "restaurants".* FROM "restaurants" ORDER BY "restaurants"."id" ASC LIMIT $1[0m  [["LIMIT", 1]]
  [1m[35m (0.1ms)[0m  [1m[35mBEGIN[0m
  [1m[36mRestaurant Load (0.2ms)[0m  [1m[34mSELECT "restaurants".* FROM "restaurants" WHERE "restaurants"."id" = $1 LIMIT $2[0m  [["id", 1], ["LIMIT", 1]]
  [1m[36mTable Create (1.2ms)[0m  [1m[32mINSERT INTO "tables" ("restaurant_id", "name") VALUES ($1, $2) RETURNING "id"[0m  [["restaurant_id", 1], ["name", "table1"]]
  [1m[35m (5.6ms)[0m  [1m[35mCOMMIT[0m
  [1m[35m (0.2ms)[0m  [1m[35mBEGIN[0m
  [1m[36mTable Load (0.3ms)[0m  [1m[34mSELECT "tables".* FROM "tables" WHERE "tables"."id" = $1 LIMIT $2[0m  [["id", 1], ["LIMIT", 1]]
  [1m[36mBooking Exists? (1.6ms)[0m  [1m[34mSELECT 1 AS one FROM "bookings" WHERE "bookings"."table_id" = $1 AND (80000 BETWEEN start_time AND start_time + duration OR 81800 BETWEEN start_time AND start_time + duration) LIMIT $2[0m  [["table_id", 1], ["LIMIT", 1]]
  [1m[36mRestaurant Load (0.2ms)[0m  [1m[34mSELECT "restaurants".* FROM "restaurants" WHERE "restaurants"."id" = $1 LIMIT $2[0m  [["id", 1], ["LIMIT", 1]]
  [1m[36mUser Load (0.3ms)[0m  [1m[34mSELECT "users".* FROM "users" WHERE "users"."id" = $1 LIMIT $2[0m  [["id", 1], ["LIMIT", 1]]
  [1m[35m (0.2ms)[0m  [1m[31mROLLBACK[0m
  [1m[35m (0.2ms)[0m  [1m[35mBEGIN[0m
  [1m[36mTable Load (0.3ms)[0m  [1m[34mSELECT "tables".* FROM "tables" WHERE "tables"."id" = $1 LIMIT $2[0m  [["id", 1], ["LIMIT", 1]]
  [1m[36mBooking Exists? (0.4ms)[0m  [1m[34mSELECT 1 AS one FROM "bookings" WHERE "bookings"."table_id" = $1 AND (80000 BETWEEN start_time AND start_time + duration OR 81800 BETWEEN start_time AND start_time + duration) LIMIT $2[0m  [["table_id", 1], ["LIMIT", 1]]
  [1m[36mRestaurant Load (0.2ms)[0m  [1m[34mSELECT "restaurants".* FROM "restaurants" WHERE "restaurants"."id" = $1 LIMIT $2[0m  [["id", 1], ["LIMIT", 1]]
  [1m[36mUser Load (0.1ms)[0m  [1m[34mSELECT "users".* FROM "users" WHERE "users"."id" = $1 LIMIT $2[0m  [["id", 1], ["LIMIT", 1]]
  [1m[35m (0.1ms)[0m  [1m[31mROLLBACK[0m
  [1m[36mUser Load (0.3ms)[0m  [1m[34mSELECT "users".* FROM "users" ORDER BY "users"."id" ASC LIMIT $1[0m  [["LIMIT", 1]]
  [1m[35m (0.1ms)[0m  [1m[35mBEGIN[0m
  [1m[36mTable Load (0.2ms)[0m  [1m[34mSELECT "tables".* FROM "tables" WHERE "tables"."id" = $1 LIMIT $2[0m  [["id", 1], ["LIMIT", 1]]
  [1m[36mBooking Exists? (0.2ms)[0m  [1m[34mSELECT 1 AS one FROM "bookings" WHERE "bookings"."table_id" = $1 AND (80000 BETWEEN start_time AND start_time + duration OR 81800 BETWEEN start_time AND start_time + duration) LIMIT $2[0m  [["table_id", 1], ["LIMIT", 1]]
  [1m[36mRestaurant Load (0.2ms)[0m  [1m[34mSELECT "restaurants".* FROM "restaurants" WHERE "restaurants"."id" = $1 LIMIT $2[0m  [["id", 1], ["LIMIT", 1]]
  [1m[36mUser Load (0.1ms)[0m  [1m[34mSELECT "users".* FROM "users" WHERE "users"."id" = $1 LIMIT $2[0m  [["id", 2], ["LIMIT", 1]]
  [1m[35m (0.1ms)[0m  [1m[31mROLLBACK[0m
  [1m[36mUser Load (0.4ms)[0m  [1m[34mSELECT "users".* FROM "users" ORDER BY "users"."id" ASC LIMIT $1[0m  [["LIMIT", 1]]
  [1m[36mTable Load (0.2ms)[0m  [1m[34mSELECT "tables".* FROM "tables" ORDER BY "tables"."id" ASC LIMIT $1[0m  [["LIMIT", 1]]
  [1m[35m (0.1ms)[0m  [1m[35mBEGIN[0m
  [1m[36mTable Load (0.2ms)[0m  [1m[34mSELECT "tables".* FROM "tables" WHERE "tables"."id" = $1 LIMIT $2[0m  [["id", 1], ["LIMIT", 1]]
  [1m[36mBooking Exists? (0.2ms)[0m  [1m[34mSELECT 1 AS one FROM "bookings" WHERE "bookings"."table_id" = $1 AND (80000 BETWEEN start_time AND start_time + duration OR 81800 BETWEEN start_time AND start_time + duration) LIMIT $2[0m  [["table_id", 1], ["LIMIT", 1]]
  [1m[36mRestaurant Load (0.5ms)[0m  [1m[34mSELECT "restaurants".* FROM "restaurants" WHERE "restaurants"."id" = $1 LIMIT $2[0m  [["id", 1], ["LIMIT", 1]]
  [1m[36mUser Load (0.2ms)[0m  [1m[34mSELECT "users".* FROM "users" WHERE "users"."id" = $1 LIMIT $2[0m  [["id", 2], ["LIMIT", 1]]
  [1m[35m (0.1ms)[0m  [1m[31mROLLBACK[0m
  [1m[36mRestaurant Load (0.4ms)[0m  [1m[34mSELECT "restaurants".* FROM "restaurants" ORDER BY "restaurants"."id" ASC LIMIT $1[0m  [["LIMIT", 1]]
  [1m[36mUser Load (0.3ms)[0m  [1m[34mSELECT "users".* FROM "users" ORDER BY "users"."id" ASC LIMIT $1[0m  [["LIMIT", 1]]
  [1m[36mTable Load (0.3ms)[0m  [1m[34mSELECT "tables".* FROM "tables" ORDER BY "tables"."id" ASC LIMIT $1[0m  [["LIMIT", 1]]
  [1m[35m (0.1ms)[0m  [1m[35mBEGIN[0m
  [1m[36mTable Load (0.2ms)[0m  [1m[34mSELECT "tables".* FROM "tables" WHERE "tables"."id" = $1 LIMIT $2[0m  [["id", 1], ["LIMIT", 1]]
  [1m[36mBooking Exists? (0.4ms)[0m  [1m[34mSELECT 1 AS one FROM "bookings" WHERE "bookings"."table_id" = $1 AND (60000 BETWEEN start_time AND start_time + duration OR 61800 BETWEEN start_time AND start_time + duration) LIMIT $2[0m  [["table_id", 1], ["LIMIT", 1]]
  [1m[36mRestaurant Load (2.0ms)[0m  [1m[34mSELECT "restaurants".* FROM "restaurants" WHERE "restaurants"."id" = $1 LIMIT $2[0m  [["id", 1], ["LIMIT", 1]]
  [1m[36mUser Load (5.6ms)[0m  [1m[34mSELECT "users".* FROM "users" WHERE "users"."id" = $1 LIMIT $2[0m  [["id", 2], ["LIMIT", 1]]
  [1m[36mBooking Create (2.4ms)[0m  [1m[32mINSERT INTO "bookings" ("user_id", "table_id", "start_time", "duration", "created_at", "updated_at") VALUES ($1, $2, $3, $4, $5, $6) RETURNING "id"[0m  [["user_id", 2], ["table_id", 1], ["start_time", 60000], ["duration", 1800], ["created_at", "2020-05-16 16:11:50.082208"], ["updated_at", "2020-05-16 16:11:50.082208"]]
  [1m[35m (0.3ms)[0m  [1m[35mCOMMIT[0m
  [1m[36mUser Load (0.4ms)[0m  [1m[34mSELECT "users".* FROM "users" ORDER BY "users"."id" ASC LIMIT $1[0m  [["LIMIT", 1]]
  [1m[36mTable Load (0.3ms)[0m  [1m[34mSELECT "tables".* FROM "tables" ORDER BY "tables"."id" ASC LIMIT $1[0m  [["LIMIT", 1]]
  [1m[35m (0.1ms)[0m  [1m[35mBEGIN[0m
  [1m[36mTable Load (0.2ms)[0m  [1m[34mSELECT "tables".* FROM "tables" WHERE "tables"."id" = $1 LIMIT $2[0m  [["id", 1], ["LIMIT", 1]]
  [1m[36mBooking Exists? (0.3ms)[0m  [1m[34mSELECT 1 AS one FROM "bookings" WHERE "bookings"."table_id" = $1 AND (60000 BETWEEN start_time AND start_time + duration OR 61800 BETWEEN start_time AND start_time + duration) LIMIT $2[0m  [["table_id", 1], ["LIMIT", 1]]
  [1m[36mRestaurant Load (0.1ms)[0m  [1m[34mSELECT "restaurants".* FROM "restaurants" WHERE "restaurants"."id" = $1 LIMIT $2[0m  [["id", 1], ["LIMIT", 1]]
  [1m[36mUser Load (0.2ms)[0m  [1m[34mSELECT "users".* FROM "users" WHERE "users"."id" = $1 LIMIT $2[0m  [["id", 2], ["LIMIT", 1]]
  [1m[35m (2.1ms)[0m  [1m[31mROLLBACK[0m
  [1m[36mUser Load (0.4ms)[0m  [1m[34mSELECT "users".* FROM "users" ORDER BY "users"."id" ASC LIMIT $1[0m  [["LIMIT", 1]]
  [1m[36mTable Load (0.2ms)[0m  [1m[34mSELECT "tables".* FROM "tables" ORDER BY "tables"."id" ASC LIMIT $1[0m  [["LIMIT", 1]]
  [1m[35m (0.1ms)[0m  [1m[35mBEGIN[0m
  [1m[36mTable Load (0.1ms)[0m  [1m[34mSELECT "tables".* FROM "tables" WHERE "tables"."id" = $1 LIMIT $2[0m  [["id", 1], ["LIMIT", 1]]
  [1m[36mBooking Exists? (0.2ms)[0m  [1m[34mSELECT 1 AS one FROM "bookings" WHERE "bookings"."table_id" = $1 AND (1589645649 BETWEEN start_time AND start_time + duration OR 1589647449 BETWEEN start_time AND start_time + duration) LIMIT $2[0m  [["table_id", 1], ["LIMIT", 1]]
  [1m[36mRestaurant Load (0.1ms)[0m  [1m[34mSELECT "restaurants".* FROM "restaurants" WHERE "restaurants"."id" = $1 LIMIT $2[0m  [["id", 1], ["LIMIT", 1]]
  [1m[36mUser Load (0.2ms)[0m  [1m[34mSELECT "users".* FROM "users" WHERE "users"."id" = $1 LIMIT $2[0m  [["id", 2], ["LIMIT", 1]]
  [1m[36mBooking Create (1.2ms)[0m  [1m[32mINSERT INTO "bookings" ("user_id", "table_id", "start_time", "duration", "created_at", "updated_at") VALUES ($1, $2, $3, $4, $5, $6) RETURNING "id"[0m  [["user_id", 2], ["table_id", 1], ["start_time", 1589645649], ["duration", 1800], ["created_at", "2020-05-16 16:14:09.254318"], ["updated_at", "2020-05-16 16:14:09.254318"]]
  [1m[35m (0.3ms)[0m  [1m[35mCOMMIT[0m
  [1m[36mUser Load (0.4ms)[0m  [1m[34mSELECT "users".* FROM "users" ORDER BY "users"."id" ASC LIMIT $1[0m  [["LIMIT", 1]]
  [1m[36mTable Load (0.2ms)[0m  [1m[34mSELECT "tables".* FROM "tables" ORDER BY "tables"."id" ASC LIMIT $1[0m  [["LIMIT", 1]]
  [1m[35m (0.1ms)[0m  [1m[35mBEGIN[0m
  [1m[36mTable Load (0.2ms)[0m  [1m[34mSELECT "tables".* FROM "tables" WHERE "tables"."id" = $1 LIMIT $2[0m  [["id", 1], ["LIMIT", 1]]
  [1m[36mBooking Exists? (0.3ms)[0m  [1m[34mSELECT 1 AS one FROM "bookings" WHERE "bookings"."table_id" = $1 AND (1589645650 BETWEEN start_time AND start_time + duration OR 1589647450 BETWEEN start_time AND start_time + duration) LIMIT $2[0m  [["table_id", 1], ["LIMIT", 1]]
  [1m[36mRestaurant Load (0.2ms)[0m  [1m[34mSELECT "restaurants".* FROM "restaurants" WHERE "restaurants"."id" = $1 LIMIT $2[0m  [["id", 1], ["LIMIT", 1]]
  [1m[36mUser Load (0.1ms)[0m  [1m[34mSELECT "users".* FROM "users" WHERE "users"."id" = $1 LIMIT $2[0m  [["id", 2], ["LIMIT", 1]]
  [1m[35m (0.1ms)[0m  [1m[31mROLLBACK[0m
  [1m[36mUser Load (0.3ms)[0m  [1m[34mSELECT "users".* FROM "users" ORDER BY "users"."id" ASC LIMIT $1[0m  [["LIMIT", 1]]
  [1m[36mTable Load (0.3ms)[0m  [1m[34mSELECT "tables".* FROM "tables" ORDER BY "tables"."id" ASC LIMIT $1[0m  [["LIMIT", 1]]
  [1m[35m (0.2ms)[0m  [1m[35mBEGIN[0m
  [1m[36mTable Load (0.2ms)[0m  [1m[34mSELECT "tables".* FROM "tables" WHERE "tables"."id" = $1 LIMIT $2[0m  [["id", 1], ["LIMIT", 1]]
  [1m[36mBooking Exists? (0.5ms)[0m  [1m[34mSELECT 1 AS one FROM "bookings" WHERE "bookings"."table_id" = $1 AND (1589646044 BETWEEN start_time AND start_time + duration OR 1589647844 BETWEEN start_time AND start_time + duration) LIMIT $2[0m  [["table_id", 1], ["LIMIT", 1]]
  [1m[36mRestaurant Load (0.3ms)[0m  [1m[34mSELECT "restaurants".* FROM "restaurants" WHERE "restaurants"."id" = $1 LIMIT $2[0m  [["id", 1], ["LIMIT", 1]]
  [1m[36mUser Load (0.2ms)[0m  [1m[34mSELECT "users".* FROM "users" WHERE "users"."id" = $1 LIMIT $2[0m  [["id", 2], ["LIMIT", 1]]
  [1m[36mBooking Create (0.3ms)[0m  [1m[32mINSERT INTO "bookings" ("user_id", "table_id", "start_time", "duration", "created_at", "updated_at") VALUES ($1, $2, $3, $4, $5, $6) RETURNING "id"[0m  [["user_id", 2], ["table_id", 1], ["start_time", 1589646044], ["duration", 1800], ["created_at", "2020-05-16 16:20:44.135611"], ["updated_at", "2020-05-16 16:20:44.135611"]]
  [1m[35m (0.5ms)[0m  [1m[35mCOMMIT[0m
  [1m[36mUser Load (0.4ms)[0m  [1m[34mSELECT "users".* FROM "users" ORDER BY "users"."id" ASC LIMIT $1[0m  [["LIMIT", 1]]
  [1m[36mTable Load (0.2ms)[0m  [1m[34mSELECT "tables".* FROM "tables" ORDER BY "tables"."id" ASC LIMIT $1[0m  [["LIMIT", 1]]
  [1m[35m (0.1ms)[0m  [1m[35mBEGIN[0m
  [1m[36mTable Load (0.2ms)[0m  [1m[34mSELECT "tables".* FROM "tables" WHERE "tables"."id" = $1 LIMIT $2[0m  [["id", 1], ["LIMIT", 1]]
  [1m[36mBooking Exists? (0.4ms)[0m  [1m[34mSELECT 1 AS one FROM "bookings" WHERE "bookings"."table_id" = $1 AND (1589646046 BETWEEN start_time AND start_time + duration OR 1589647846 BETWEEN start_time AND start_time + duration) LIMIT $2[0m  [["table_id", 1], ["LIMIT", 1]]
  [1m[36mRestaurant Load (0.2ms)[0m  [1m[34mSELECT "restaurants".* FROM "restaurants" WHERE "restaurants"."id" = $1 LIMIT $2[0m  [["id", 1], ["LIMIT", 1]]
  [1m[36mUser Load (0.2ms)[0m  [1m[34mSELECT "users".* FROM "users" WHERE "users"."id" = $1 LIMIT $2[0m  [["id", 2], ["LIMIT", 1]]
  [1m[36mBooking Create (0.2ms)[0m  [1m[32mINSERT INTO "bookings" ("user_id", "table_id", "start_time", "duration", "created_at", "updated_at") VALUES ($1, $2, $3, $4, $5, $6) RETURNING "id"[0m  [["user_id", 2], ["table_id", 1], ["start_time", 1589646046], ["duration", 1800], ["created_at", "2020-05-16 16:20:46.961223"], ["updated_at", "2020-05-16 16:20:46.961223"]]
  [1m[35m (0.5ms)[0m  [1m[35mCOMMIT[0m
  [1m[36mUser Load (0.5ms)[0m  [1m[34mSELECT "users".* FROM "users" ORDER BY "users"."id" ASC LIMIT $1[0m  [["LIMIT", 1]]
  [1m[36mTable Load (0.3ms)[0m  [1m[34mSELECT "tables".* FROM "tables" ORDER BY "tables"."id" ASC LIMIT $1[0m  [["LIMIT", 1]]
  [1m[35m (0.2ms)[0m  [1m[35mBEGIN[0m
  [1m[36mTable Load (0.2ms)[0m  [1m[34mSELECT "tables".* FROM "tables" WHERE "tables"."id" = $1 LIMIT $2[0m  [["id", 1], ["LIMIT", 1]]
  [1m[36mBooking Exists? (0.6ms)[0m  [1m[34mSELECT 1 AS one FROM "bookings" WHERE "bookings"."table_id" = $1 AND (1589646855 BETWEEN start_time AND start_time + duration OR 1589648655 BETWEEN start_time AND start_time + duration) LIMIT $2[0m  [["table_id", 1], ["LIMIT", 1]]
  [1m[36mRestaurant Load (0.3ms)[0m  [1m[34mSELECT "restaurants".* FROM "restaurants" WHERE "restaurants"."id" = $1 LIMIT $2[0m  [["id", 1], ["LIMIT", 1]]
  [1m[36mUser Load (0.4ms)[0m  [1m[34mSELECT "users".* FROM "users" WHERE "users"."id" = $1 LIMIT $2[0m  [["id", 2], ["LIMIT", 1]]
  [1m[36mBooking Create (0.4ms)[0m  [1m[32mINSERT INTO "bookings" ("user_id", "table_id", "start_time", "duration", "created_at", "updated_at") VALUES ($1, $2, $3, $4, $5, $6) RETURNING "id"[0m  [["user_id", 2], ["table_id", 1], ["start_time", 1589646855], ["duration", 1800], ["created_at", "2020-05-16 16:34:15.162303"], ["updated_at", "2020-05-16 16:34:15.162303"]]
  [1m[35m (0.5ms)[0m  [1m[35mCOMMIT[0m
  [1m[36mUser Load (0.4ms)[0m  [1m[34mSELECT "users".* FROM "users" ORDER BY "users"."id" ASC LIMIT $1[0m  [["LIMIT", 1]]
  [1m[36mTable Load (0.2ms)[0m  [1m[34mSELECT "tables".* FROM "tables" ORDER BY "tables"."id" ASC LIMIT $1[0m  [["LIMIT", 1]]
  [1m[35m (0.1ms)[0m  [1m[35mBEGIN[0m
  [1m[36mTable Load (0.2ms)[0m  [1m[34mSELECT "tables".* FROM "tables" WHERE "tables"."id" = $1 LIMIT $2[0m  [["id", 1], ["LIMIT", 1]]
  [1m[36mBooking Exists? (0.3ms)[0m  [1m[34mSELECT 1 AS one FROM "bookings" WHERE "bookings"."table_id" = $1 AND (1589646856 BETWEEN start_time AND start_time + duration OR 1589648656 BETWEEN start_time AND start_time + duration) LIMIT $2[0m  [["table_id", 1], ["LIMIT", 1]]
  [1m[36mRestaurant Load (0.2ms)[0m  [1m[34mSELECT "restaurants".* FROM "restaurants" WHERE "restaurants"."id" = $1 LIMIT $2[0m  [["id", 1], ["LIMIT", 1]]
  [1m[36mUser Load (0.2ms)[0m  [1m[34mSELECT "users".* FROM "users" WHERE "users"."id" = $1 LIMIT $2[0m  [["id", 2], ["LIMIT", 1]]
  [1m[36mBooking Create (0.2ms)[0m  [1m[32mINSERT INTO "bookings" ("user_id", "table_id", "start_time", "duration", "created_at", "updated_at") VALUES ($1, $2, $3, $4, $5, $6) RETURNING "id"[0m  [["user_id", 2], ["table_id", 1], ["start_time", 1589646856], ["duration", 1800], ["created_at", "2020-05-16 16:34:16.243108"], ["updated_at", "2020-05-16 16:34:16.243108"]]
  [1m[35m (2.8ms)[0m  [1m[35mCOMMIT[0m
  [1m[36mUser Load (0.4ms)[0m  [1m[34mSELECT "users".* FROM "users" ORDER BY "users"."id" ASC LIMIT $1[0m  [["LIMIT", 1]]
  [1m[36mTable Load (0.2ms)[0m  [1m[34mSELECT "tables".* FROM "tables" ORDER BY "tables"."id" ASC LIMIT $1[0m  [["LIMIT", 1]]
  [1m[35m (0.1ms)[0m  [1m[35mBEGIN[0m
  [1m[36mTable Load (0.2ms)[0m  [1m[34mSELECT "tables".* FROM "tables" WHERE "tables"."id" = $1 LIMIT $2[0m  [["id", 1], ["LIMIT", 1]]
  [1m[36mBooking Exists? (0.3ms)[0m  [1m[34mSELECT 1 AS one FROM "bookings" WHERE "bookings"."table_id" = $1 AND (1589646869 BETWEEN start_time AND start_time + duration OR 1589648169 BETWEEN start_time AND start_time + duration) LIMIT $2[0m  [["table_id", 1], ["LIMIT", 1]]
  [1m[36mRestaurant Load (0.4ms)[0m  [1m[34mSELECT "restaurants".* FROM "restaurants" WHERE "restaurants"."id" = $1 LIMIT $2[0m  [["id", 1], ["LIMIT", 1]]
  [1m[36mUser Load (0.2ms)[0m  [1m[34mSELECT "users".* FROM "users" WHERE "users"."id" = $1 LIMIT $2[0m  [["id", 2], ["LIMIT", 1]]
  [1m[35m (0.1ms)[0m  [1m[31mROLLBACK[0m
  [1m[36mUser Load (0.3ms)[0m  [1m[34mSELECT "users".* FROM "users" ORDER BY "users"."id" ASC LIMIT $1[0m  [["LIMIT", 1]]
  [1m[36mTable Load (0.2ms)[0m  [1m[34mSELECT "tables".* FROM "tables" ORDER BY "tables"."id" ASC LIMIT $1[0m  [["LIMIT", 1]]
  [1m[35m (0.3ms)[0m  [1m[35mBEGIN[0m
  [1m[36mTable Load (0.2ms)[0m  [1m[34mSELECT "tables".* FROM "tables" WHERE "tables"."id" = $1 LIMIT $2[0m  [["id", 1], ["LIMIT", 1]]
  [1m[36mBooking Exists? (0.5ms)[0m  [1m[34mSELECT 1 AS one FROM "bookings" WHERE "bookings"."table_id" = $1 AND (1589649329 BETWEEN start_time AND start_time + duration OR 1589651129 BETWEEN start_time AND start_time + duration) LIMIT $2[0m  [["table_id", 1], ["LIMIT", 1]]
  [1m[36mRestaurant Load (0.2ms)[0m  [1m[34mSELECT "restaurants".* FROM "restaurants" WHERE "restaurants"."id" = $1 LIMIT $2[0m  [["id", 1], ["LIMIT", 1]]
  [1m[36mUser Load (0.2ms)[0m  [1m[34mSELECT "users".* FROM "users" WHERE "users"."id" = $1 LIMIT $2[0m  [["id", 2], ["LIMIT", 1]]
  [1m[36mBooking Create (0.5ms)[0m  [1m[32mINSERT INTO "bookings" ("user_id", "table_id", "start_time", "duration", "created_at", "updated_at") VALUES ($1, $2, $3, $4, $5, $6) RETURNING "id"[0m  [["user_id", 2], ["table_id", 1], ["start_time", 1589649329], ["duration", 1800], ["created_at", "2020-05-16 17:15:29.156827"], ["updated_at", "2020-05-16 17:15:29.156827"]]
  [1m[35m (0.6ms)[0m  [1m[35mCOMMIT[0m
  [1m[36mUser Load (0.3ms)[0m  [1m[34mSELECT "users".* FROM "users" ORDER BY "users"."id" ASC LIMIT $1[0m  [["LIMIT", 1]]
  [1m[36mTable Load (0.2ms)[0m  [1m[34mSELECT "tables".* FROM "tables" ORDER BY "tables"."id" ASC LIMIT $1[0m  [["LIMIT", 1]]
  [1m[35m (0.1ms)[0m  [1m[35mBEGIN[0m
  [1m[36mTable Load (0.2ms)[0m  [1m[34mSELECT "tables".* FROM "tables" WHERE "tables"."id" = $1 LIMIT $2[0m  [["id", 1], ["LIMIT", 1]]
  [1m[36mBooking Exists? (0.3ms)[0m  [1m[34mSELECT 1 AS one FROM "bookings" WHERE "bookings"."table_id" = $1 AND (1589649330 BETWEEN start_time AND start_time + duration OR 1589651130 BETWEEN start_time AND start_time + duration) LIMIT $2[0m  [["table_id", 1], ["LIMIT", 1]]
  [1m[36mRestaurant Load (0.3ms)[0m  [1m[34mSELECT "restaurants".* FROM "restaurants" WHERE "restaurants"."id" = $1 LIMIT $2[0m  [["id", 1], ["LIMIT", 1]]
  [1m[36mUser Load (0.2ms)[0m  [1m[34mSELECT "users".* FROM "users" WHERE "users"."id" = $1 LIMIT $2[0m  [["id", 2], ["LIMIT", 1]]
  [1m[35m (0.1ms)[0m  [1m[31mROLLBACK[0m
  [1m[36mBooking Load (0.4ms)[0m  [1m[34mSELECT "bookings".* FROM "bookings"[0m
  [1m[36mTable Load (0.5ms)[0m  [1m[34mSELECT "tables".* FROM "tables"[0m
  [1m[36mBooking Load (0.4ms)[0m  [1m[34mSELECT "bookings".* FROM "bookings"[0m
  [1m[36mUser Load (0.3ms)[0m  [1m[34mSELECT "users".* FROM "users" ORDER BY "users"."id" ASC LIMIT $1[0m  [["LIMIT", 1]]
  [1m[36mTable Load (0.2ms)[0m  [1m[34mSELECT "tables".* FROM "tables" ORDER BY "tables"."id" ASC LIMIT $1[0m  [["LIMIT", 1]]
  [1m[35m (0.1ms)[0m  [1m[35mBEGIN[0m
  [1m[36mTable Load (0.1ms)[0m  [1m[34mSELECT "tables".* FROM "tables" WHERE "tables"."id" = $1 LIMIT $2[0m  [["id", 1], ["LIMIT", 1]]
  [1m[36mBooking Exists? (0.5ms)[0m  [1m[34mSELECT 1 AS one FROM "bookings" WHERE "bookings"."table_id" = $1 AND (1589647605 BETWEEN start_time AND start_time + duration OR 1589649405 BETWEEN start_time AND start_time + duration) LIMIT $2[0m  [["table_id", 1], ["LIMIT", 1]]
  [1m[36mRestaurant Load (0.3ms)[0m  [1m[34mSELECT "restaurants".* FROM "restaurants" WHERE "restaurants"."id" = $1 LIMIT $2[0m  [["id", 1], ["LIMIT", 1]]
  [1m[36mUser Load (0.2ms)[0m  [1m[34mSELECT "users".* FROM "users" WHERE "users"."id" = $1 LIMIT $2[0m  [["id", 2], ["LIMIT", 1]]
  [1m[35m (0.1ms)[0m  [1m[31mROLLBACK[0m
  [1m[36mUser Load (0.1ms)[0m  [1m[34mSELECT "users".* FROM "users" ORDER BY "users"."id" ASC LIMIT $1[0m  [["LIMIT", 1]]
  [1m[36mTable Load (0.2ms)[0m  [1m[34mSELECT "tables".* FROM "tables" ORDER BY "tables"."id" ASC LIMIT $1[0m  [["LIMIT", 1]]
  [1m[35m (0.2ms)[0m  [1m[35mBEGIN[0m
  [1m[36mTable Load (0.2ms)[0m  [1m[34mSELECT "tables".* FROM "tables" WHERE "tables"."id" = $1 LIMIT $2[0m  [["id", 1], ["LIMIT", 1]]
  [1m[36mBooking Exists? (0.4ms)[0m  [1m[34mSELECT 1 AS one FROM "bookings" WHERE "bookings"."table_id" = $1 AND (1589647627 BETWEEN start_time AND start_time + duration OR 1589649427 BETWEEN start_time + 1 AND start_time + duration) LIMIT $2[0m  [["table_id", 1], ["LIMIT", 1]]
  [1m[36mRestaurant Load (0.2ms)[0m  [1m[34mSELECT "restaurants".* FROM "restaurants" WHERE "restaurants"."id" = $1 LIMIT $2[0m  [["id", 1], ["LIMIT", 1]]
  [1m[36mUser Load (0.7ms)[0m  [1m[34mSELECT "users".* FROM "users" WHERE "users"."id" = $1 LIMIT $2[0m  [["id", 2], ["LIMIT", 1]]
  [1m[35m (0.1ms)[0m  [1m[31mROLLBACK[0m
  [1m[36mUser Load (0.4ms)[0m  [1m[34mSELECT "users".* FROM "users" ORDER BY "users"."id" ASC LIMIT $1[0m  [["LIMIT", 1]]
  [1m[36mTable Load (0.2ms)[0m  [1m[34mSELECT "tables".* FROM "tables" ORDER BY "tables"."id" ASC LIMIT $1[0m  [["LIMIT", 1]]
  [1m[35m (0.2ms)[0m  [1m[35mBEGIN[0m
  [1m[36mTable Load (0.3ms)[0m  [1m[34mSELECT "tables".* FROM "tables" WHERE "tables"."id" = $1 LIMIT $2[0m  [["id", 1], ["LIMIT", 1]]
  [1m[36mBooking Exists? (0.4ms)[0m  [1m[34mSELECT 1 AS one FROM "bookings" WHERE "bookings"."table_id" = $1 AND (1589647671 BETWEEN start_time AND start_time + duration OR 1589649471 BETWEEN start_time + 1 AND start_time + duration) LIMIT $2[0m  [["table_id", 1], ["LIMIT", 1]]
  [1m[36mRestaurant Load (0.2ms)[0m  [1m[34mSELECT "restaurants".* FROM "restaurants" WHERE "restaurants"."id" = $1 LIMIT $2[0m  [["id", 1], ["LIMIT", 1]]
  [1m[36mUser Load (0.4ms)[0m  [1m[34mSELECT "users".* FROM "users" WHERE "users"."id" = $1 LIMIT $2[0m  [["id", 2], ["LIMIT", 1]]
  [1m[35m (0.1ms)[0m  [1m[31mROLLBACK[0m
  [1m[36mUser Load (0.1ms)[0m  [1m[34mSELECT "users".* FROM "users" ORDER BY "users"."id" ASC LIMIT $1[0m  [["LIMIT", 1]]
  [1m[36mTable Load (0.2ms)[0m  [1m[34mSELECT "tables".* FROM "tables" ORDER BY "tables"."id" ASC LIMIT $1[0m  [["LIMIT", 1]]
  [1m[35m (0.2ms)[0m  [1m[35mBEGIN[0m
  [1m[36mTable Load (0.2ms)[0m  [1m[34mSELECT "tables".* FROM "tables" WHERE "tables"."id" = $1 LIMIT $2[0m  [["id", 1], ["LIMIT", 1]]
  [1m[36mBooking Exists? (0.3ms)[0m  [1m[34mSELECT 1 AS one FROM "bookings" WHERE "bookings"."table_id" = $1 AND (1589647692 BETWEEN start_time AND start_time + duration - 1 OR 1589649492 BETWEEN start_time + 1 AND start_time + duration) LIMIT $2[0m  [["table_id", 1], ["LIMIT", 1]]
  [1m[36mBooking Exists? (0.4ms)[0m  [1m[34mSELECT 1 AS one FROM "bookings" WHERE "bookings"."table_id" = $1 AND (1589647692 BETWEEN start_time AND start_time + duration - 1 OR 1589649492 BETWEEN start_time + 1 AND start_time + duration) LIMIT $2[0m  [["table_id", 1], ["LIMIT", 1]]
  [1m[36mRestaurant Load (0.2ms)[0m  [1m[34mSELECT "restaurants".* FROM "restaurants" WHERE "restaurants"."id" = $1 LIMIT $2[0m  [["id", 1], ["LIMIT", 1]]
  [1m[36mUser Load (0.2ms)[0m  [1m[34mSELECT "users".* FROM "users" WHERE "users"."id" = $1 LIMIT $2[0m  [["id", 2], ["LIMIT", 1]]
  [1m[35m (0.2ms)[0m  [1m[31mROLLBACK[0m
  [1m[36mBooking Destroy (2.0ms)[0m  [1m[31mDELETE FROM "bookings"[0m
  [1m[36mUser Load (0.4ms)[0m  [1m[34mSELECT "users".* FROM "users" ORDER BY "users"."id" ASC LIMIT $1[0m  [["LIMIT", 1]]
  [1m[36mTable Load (0.3ms)[0m  [1m[34mSELECT "tables".* FROM "tables" ORDER BY "tables"."id" ASC LIMIT $1[0m  [["LIMIT", 1]]
  [1m[35m (0.2ms)[0m  [1m[35mBEGIN[0m
  [1m[36mTable Load (0.2ms)[0m  [1m[34mSELECT "tables".* FROM "tables" WHERE "tables"."id" = $1 LIMIT $2[0m  [["id", 1], ["LIMIT", 1]]
  [1m[36mBooking Exists? (0.6ms)[0m  [1m[34mSELECT 1 AS one FROM "bookings" WHERE "bookings"."table_id" = $1 AND (1589649530 BETWEEN start_time AND start_time + duration - 1 OR 1589651330 BETWEEN start_time + 1 AND start_time + duration) LIMIT $2[0m  [["table_id", 1], ["LIMIT", 1]]
  [1m[36mRestaurant Load (0.2ms)[0m  [1m[34mSELECT "restaurants".* FROM "restaurants" WHERE "restaurants"."id" = $1 LIMIT $2[0m  [["id", 1], ["LIMIT", 1]]
  [1m[36mUser Load (1.0ms)[0m  [1m[34mSELECT "users".* FROM "users" WHERE "users"."id" = $1 LIMIT $2[0m  [["id", 2], ["LIMIT", 1]]
  [1m[36mBooking Create (0.6ms)[0m  [1m[32mINSERT INTO "bookings" ("user_id", "table_id", "start_time", "duration", "created_at", "updated_at") VALUES ($1, $2, $3, $4, $5, $6) RETURNING "id"[0m  [["user_id", 2], ["table_id", 1], ["start_time", 1589649530], ["duration", 1800], ["created_at", "2020-05-16 17:18:51.751372"], ["updated_at", "2020-05-16 17:18:51.751372"]]
  [1m[35m (0.8ms)[0m  [1m[35mCOMMIT[0m
  [1m[36mUser Load (0.3ms)[0m  [1m[34mSELECT "users".* FROM "users" ORDER BY "users"."id" ASC LIMIT $1[0m  [["LIMIT", 1]]
  [1m[36mTable Load (0.2ms)[0m  [1m[34mSELECT "tables".* FROM "tables" ORDER BY "tables"."id" ASC LIMIT $1[0m  [["LIMIT", 1]]
  [1m[35m (0.2ms)[0m  [1m[35mBEGIN[0m
  [1m[36mTable Load (0.2ms)[0m  [1m[34mSELECT "tables".* FROM "tables" WHERE "tables"."id" = $1 LIMIT $2[0m  [["id", 1], ["LIMIT", 1]]
  [1m[36mBooking Exists? (0.4ms)[0m  [1m[34mSELECT 1 AS one FROM "bookings" WHERE "bookings"."table_id" = $1 AND (1589651330 BETWEEN start_time AND start_time + duration - 1 OR 1589653130 BETWEEN start_time + 1 AND start_time + duration) LIMIT $2[0m  [["table_id", 1], ["LIMIT", 1]]
  [1m[36mBooking Exists? (0.3ms)[0m  [1m[34mSELECT 1 AS one FROM "bookings" WHERE "bookings"."table_id" = $1 AND (1589651330 BETWEEN start_time AND start_time + duration - 1 OR 1589653130 BETWEEN start_time + 1 AND start_time + duration) LIMIT $2[0m  [["table_id", 1], ["LIMIT", 1]]
  [1m[36mRestaurant Load (0.2ms)[0m  [1m[34mSELECT "restaurants".* FROM "restaurants" WHERE "restaurants"."id" = $1 LIMIT $2[0m  [["id", 1], ["LIMIT", 1]]
  [1m[36mUser Load (0.2ms)[0m  [1m[34mSELECT "users".* FROM "users" WHERE "users"."id" = $1 LIMIT $2[0m  [["id", 2], ["LIMIT", 1]]
  [1m[36mBooking Create (0.2ms)[0m  [1m[32mINSERT INTO "bookings" ("user_id", "table_id", "start_time", "duration", "created_at", "updated_at") VALUES ($1, $2, $3, $4, $5, $6) RETURNING "id"[0m  [["user_id", 2], ["table_id", 1], ["start_time", 1589651330], ["duration", 1800], ["created_at", "2020-05-16 17:19:47.239814"], ["updated_at", "2020-05-16 17:19:47.239814"]]
  [1m[35m (0.6ms)[0m  [1m[35mCOMMIT[0m
  [1m[36mUser Load (0.3ms)[0m  [1m[34mSELECT "users".* FROM "users" ORDER BY "users"."id" ASC LIMIT $1[0m  [["LIMIT", 1]]
  [1m[36mTable Load (0.2ms)[0m  [1m[34mSELECT "tables".* FROM "tables" ORDER BY "tables"."id" ASC LIMIT $1[0m  [["LIMIT", 1]]
  [1m[35m (0.2ms)[0m  [1m[35mBEGIN[0m
  [1m[36mTable Load (0.2ms)[0m  [1m[34mSELECT "tables".* FROM "tables" WHERE "tables"."id" = $1 LIMIT $2[0m  [["id", 1], ["LIMIT", 1]]
  [1m[36mBooking Exists? (0.5ms)[0m  [1m[34mSELECT 1 AS one FROM "bookings" WHERE "bookings"."table_id" = $1 AND (1589647730 BETWEEN start_time AND start_time + duration - 1 OR 1589649530 BETWEEN start_time + 1 AND start_time + duration) LIMIT $2[0m  [["table_id", 1], ["LIMIT", 1]]
  [1m[36mBooking Exists? (0.3ms)[0m  [1m[34mSELECT 1 AS one FROM "bookings" WHERE "bookings"."table_id" = $1 AND (1589647730 BETWEEN start_time AND start_time + duration - 1 OR 1589649530 BETWEEN start_time + 1 AND start_time + duration) LIMIT $2[0m  [["table_id", 1], ["LIMIT", 1]]
  [1m[36mRestaurant Load (0.2ms)[0m  [1m[34mSELECT "restaurants".* FROM "restaurants" WHERE "restaurants"."id" = $1 LIMIT $2[0m  [["id", 1], ["LIMIT", 1]]
  [1m[36mUser Load (0.2ms)[0m  [1m[34mSELECT "users".* FROM "users" WHERE "users"."id" = $1 LIMIT $2[0m  [["id", 2], ["LIMIT", 1]]
  [1m[36mBooking Create (0.2ms)[0m  [1m[32mINSERT INTO "bookings" ("user_id", "table_id", "start_time", "duration", "created_at", "updated_at") VALUES ($1, $2, $3, $4, $5, $6) RETURNING "id"[0m  [["user_id", 2], ["table_id", 1], ["start_time", 1589647730], ["duration", 1800], ["created_at", "2020-05-16 17:20:33.167226"], ["updated_at", "2020-05-16 17:20:33.167226"]]
  [1m[35m (0.7ms)[0m  [1m[35mCOMMIT[0m
  [1m[36mBooking Load (0.5ms)[0m  [1m[34mSELECT "bookings".* FROM "bookings"[0m
  [1m[36mUser Load (0.4ms)[0m  [1m[34mSELECT "users".* FROM "users" ORDER BY "users"."id" ASC LIMIT $1[0m  [["LIMIT", 1]]
  [1m[36mTable Load (0.2ms)[0m  [1m[34mSELECT "tables".* FROM "tables" ORDER BY "tables"."id" ASC LIMIT $1[0m  [["LIMIT", 1]]
  [1m[35m (0.1ms)[0m  [1m[35mBEGIN[0m
  [1m[36mTable Load (0.2ms)[0m  [1m[34mSELECT "tables".* FROM "tables" WHERE "tables"."id" = $1 LIMIT $2[0m  [["id", 1], ["LIMIT", 1]]
  [1m[36mBooking Exists? (0.4ms)[0m  [1m[34mSELECT 1 AS one FROM "bookings" WHERE "bookings"."table_id" = $1 AND (1589645930 BETWEEN start_time AND start_time + duration - 1 OR 1589647730 BETWEEN start_time + 1 AND start_time + duration) LIMIT $2[0m  [["table_id", 1], ["LIMIT", 1]]
  [1m[36mRestaurant Load (0.2ms)[0m  [1m[34mSELECT "restaurants".* FROM "restaurants" WHERE "restaurants"."id" = $1 LIMIT $2[0m  [["id", 1], ["LIMIT", 1]]
  [1m[36mUser Load (0.1ms)[0m  [1m[34mSELECT "users".* FROM "users" WHERE "users"."id" = $1 LIMIT $2[0m  [["id", 2], ["LIMIT", 1]]
  [1m[36mBooking Create (0.4ms)[0m  [1m[32mINSERT INTO "bookings" ("user_id", "table_id", "start_time", "duration", "created_at", "updated_at") VALUES ($1, $2, $3, $4, $5, $6) RETURNING "id"[0m  [["user_id", 2], ["table_id", 1], ["start_time", 1589645930], ["duration", 1800], ["created_at", "2020-05-16 17:21:15.879895"], ["updated_at", "2020-05-16 17:21:15.879895"]]
  [1m[35m (1.8ms)[0m  [1m[35mCOMMIT[0m
  [1m[36mUser Load (0.9ms)[0m  [1m[34mSELECT "users".* FROM "users" ORDER BY "users"."id" ASC LIMIT $1[0m  [["LIMIT", 1]]
  [1m[36mTable Load (0.2ms)[0m  [1m[34mSELECT "tables".* FROM "tables" ORDER BY "tables"."id" ASC LIMIT $1[0m  [["LIMIT", 1]]
  [1m[35m (0.4ms)[0m  [1m[35mBEGIN[0m
  [1m[36mTable Load (0.3ms)[0m  [1m[34mSELECT "tables".* FROM "tables" WHERE "tables"."id" = $1 LIMIT $2[0m  [["id", 1], ["LIMIT", 1]]
  [1m[36mBooking Exists? (0.8ms)[0m  [1m[34mSELECT 1 AS one FROM "bookings" WHERE "bookings"."table_id" = $1 AND (1589644130 BETWEEN start_time AND start_time + duration - 1 OR 1589645930 BETWEEN start_time + 1 AND start_time + duration) LIMIT $2[0m  [["table_id", 1], ["LIMIT", 1]]
  [1m[36mRestaurant Load (0.2ms)[0m  [1m[34mSELECT "restaurants".* FROM "restaurants" WHERE "restaurants"."id" = $1 LIMIT $2[0m  [["id", 1], ["LIMIT", 1]]
  [1m[36mUser Load (0.3ms)[0m  [1m[34mSELECT "users".* FROM "users" WHERE "users"."id" = $1 LIMIT $2[0m  [["id", 2], ["LIMIT", 1]]
  [1m[36mBooking Create (0.3ms)[0m  [1m[32mINSERT INTO "bookings" ("user_id", "table_id", "start_time", "duration", "created_at", "updated_at") VALUES ($1, $2, $3, $4, $5, $6) RETURNING "id"[0m  [["user_id", 2], ["table_id", 1], ["start_time", 1589644130], ["duration", 1800], ["created_at", "2020-05-16 17:21:22.271327"], ["updated_at", "2020-05-16 17:21:22.271327"]]
  [1m[35m (1.6ms)[0m  [1m[35mCOMMIT[0m
  [1m[36mUser Load (0.3ms)[0m  [1m[34mSELECT "users".* FROM "users" ORDER BY "users"."id" ASC LIMIT $1[0m  [["LIMIT", 1]]
  [1m[36mTable Load (0.3ms)[0m  [1m[34mSELECT "tables".* FROM "tables" ORDER BY "tables"."id" ASC LIMIT $1[0m  [["LIMIT", 1]]
  [1m[35m (0.2ms)[0m  [1m[35mBEGIN[0m
  [1m[36mTable Load (0.2ms)[0m  [1m[34mSELECT "tables".* FROM "tables" WHERE "tables"."id" = $1 LIMIT $2[0m  [["id", 1], ["LIMIT", 1]]
  [1m[36mBooking Exists? (0.3ms)[0m  [1m[34mSELECT 1 AS one FROM "bookings" WHERE "bookings"."table_id" = $1 AND (1589647730 BETWEEN start_time AND start_time + duration - 1 OR 1589649530 BETWEEN start_time + 1 AND start_time + duration) LIMIT $2[0m  [["table_id", 1], ["LIMIT", 1]]
  [1m[36mRestaurant Load (0.2ms)[0m  [1m[34mSELECT "restaurants".* FROM "restaurants" WHERE "restaurants"."id" = $1 LIMIT $2[0m  [["id", 1], ["LIMIT", 1]]
  [1m[36mUser Load (0.2ms)[0m  [1m[34mSELECT "users".* FROM "users" WHERE "users"."id" = $1 LIMIT $2[0m  [["id", 2], ["LIMIT", 1]]
  [1m[35m (0.2ms)[0m  [1m[31mROLLBACK[0m
  [1m[36mUser Load (0.2ms)[0m  [1m[34mSELECT "users".* FROM "users" ORDER BY "users"."id" ASC LIMIT $1[0m  [["LIMIT", 1]]
  [1m[36mTable Load (0.4ms)[0m  [1m[34mSELECT "tables".* FROM "tables" ORDER BY "tables"."id" ASC LIMIT $1[0m  [["LIMIT", 1]]
  [1m[35m (0.2ms)[0m  [1m[35mBEGIN[0m
  [1m[36mTable Load (0.2ms)[0m  [1m[34mSELECT "tables".* FROM "tables" WHERE "tables"."id" = $1 LIMIT $2[0m  [["id", 1], ["LIMIT", 1]]
  [1m[36mBooking Exists? (0.6ms)[0m  [1m[34mSELECT 1 AS one FROM "bookings" WHERE "bookings"."table_id" = $1 AND (1589653130 BETWEEN start_time AND start_time + duration - 1 OR 1589654930 BETWEEN start_time + 1 AND start_time + duration) LIMIT $2[0m  [["table_id", 1], ["LIMIT", 1]]
  [1m[36mRestaurant Load (0.3ms)[0m  [1m[34mSELECT "restaurants".* FROM "restaurants" WHERE "restaurants"."id" = $1 LIMIT $2[0m  [["id", 1], ["LIMIT", 1]]
  [1m[36mUser Load (0.2ms)[0m  [1m[34mSELECT "users".* FROM "users" WHERE "users"."id" = $1 LIMIT $2[0m  [["id", 2], ["LIMIT", 1]]
  [1m[36mBooking Create (0.3ms)[0m  [1m[32mINSERT INTO "bookings" ("user_id", "table_id", "start_time", "duration", "created_at", "updated_at") VALUES ($1, $2, $3, $4, $5, $6) RETURNING "id"[0m  [["user_id", 2], ["table_id", 1], ["start_time", 1589653130], ["duration", 1800], ["created_at", "2020-05-16 17:22:56.029637"], ["updated_at", "2020-05-16 17:22:56.029637"]]
  [1m[35m (2.0ms)[0m  [1m[35mCOMMIT[0m
  [1m[36mUser Load (0.5ms)[0m  [1m[34mSELECT "users".* FROM "users" ORDER BY "users"."id" ASC LIMIT $1[0m  [["LIMIT", 1]]
  [1m[36mTable Load (0.2ms)[0m  [1m[34mSELECT "tables".* FROM "tables" ORDER BY "tables"."id" ASC LIMIT $1[0m  [["LIMIT", 1]]
  [1m[35m (0.1ms)[0m  [1m[35mBEGIN[0m
  [1m[36mTable Load (0.1ms)[0m  [1m[34mSELECT "tables".* FROM "tables" WHERE "tables"."id" = $1 LIMIT $2[0m  [["id", 1], ["LIMIT", 1]]
  [1m[36mBooking Exists? (5.0ms)[0m  [1m[34mSELECT 1 AS one FROM "bookings" WHERE "bookings"."table_id" = $1 AND (1589653130 BETWEEN start_time AND start_time + duration - 1 OR 1589654930 BETWEEN start_time + 1 AND start_time + duration) LIMIT $2[0m  [["table_id", 1], ["LIMIT", 1]]
  [1m[36mRestaurant Load (0.2ms)[0m  [1m[34mSELECT "restaurants".* FROM "restaurants" WHERE "restaurants"."id" = $1 LIMIT $2[0m  [["id", 1], ["LIMIT", 1]]
  [1m[36mUser Load (0.1ms)[0m  [1m[34mSELECT "users".* FROM "users" WHERE "users"."id" = $1 LIMIT $2[0m  [["id", 2], ["LIMIT", 1]]
  [1m[35m (0.2ms)[0m  [1m[31mROLLBACK[0m
  [1m[36mUser Load (0.5ms)[0m  [1m[34mSELECT "users".* FROM "users" ORDER BY "users"."id" ASC LIMIT $1[0m  [["LIMIT", 1]]
  [1m[36mTable Load (0.2ms)[0m  [1m[34mSELECT "tables".* FROM "tables" ORDER BY "tables"."id" ASC LIMIT $1[0m  [["LIMIT", 1]]
  [1m[35m (0.5ms)[0m  [1m[35mBEGIN[0m
  [1m[36mTable Load (0.2ms)[0m  [1m[34mSELECT "tables".* FROM "tables" WHERE "tables"."id" = $1 LIMIT $2[0m  [["id", 1], ["LIMIT", 1]]
  [1m[36mBooking Exists? (0.4ms)[0m  [1m[34mSELECT 1 AS one FROM "bookings" WHERE "bookings"."table_id" = $1 AND (1589653130 BETWEEN start_time AND start_time + duration - 1 OR 1589654930 BETWEEN start_time + 1 AND start_time + duration) LIMIT $2[0m  [["table_id", 1], ["LIMIT", 1]]
  [1m[36mRestaurant Load (0.2ms)[0m  [1m[34mSELECT "restaurants".* FROM "restaurants" WHERE "restaurants"."id" = $1 LIMIT $2[0m  [["id", 1], ["LIMIT", 1]]
  [1m[36mUser Load (0.2ms)[0m  [1m[34mSELECT "users".* FROM "users" WHERE "users"."id" = $1 LIMIT $2[0m  [["id", 2], ["LIMIT", 1]]
  [1m[35m (0.2ms)[0m  [1m[31mROLLBACK[0m
  [1m[36mUser Load (0.4ms)[0m  [1m[34mSELECT "users".* FROM "users" ORDER BY "users"."id" ASC LIMIT $1[0m  [["LIMIT", 1]]
  [1m[36mTable Load (0.3ms)[0m  [1m[34mSELECT "tables".* FROM "tables" ORDER BY "tables"."id" ASC LIMIT $1[0m  [["LIMIT", 1]]
  [1m[35m (0.2ms)[0m  [1m[35mBEGIN[0m
  [1m[36mTable Load (0.2ms)[0m  [1m[34mSELECT "tables".* FROM "tables" WHERE "tables"."id" = $1 LIMIT $2[0m  [["id", 1], ["LIMIT", 1]]
  [1m[36mBooking Exists? (0.3ms)[0m  [1m[34mSELECT 1 AS one FROM "bookings" WHERE "bookings"."table_id" = $1 AND (1589657130 BETWEEN start_time AND start_time + duration - 1 OR 1589658930 BETWEEN start_time + 1 AND start_time + duration) LIMIT $2[0m  [["table_id", 1], ["LIMIT", 1]]
  [1m[36mRestaurant Load (0.5ms)[0m  [1m[34mSELECT "restaurants".* FROM "restaurants" WHERE "restaurants"."id" = $1 LIMIT $2[0m  [["id", 1], ["LIMIT", 1]]
  [1m[36mUser Load (0.7ms)[0m  [1m[34mSELECT "users".* FROM "users" WHERE "users"."id" = $1 LIMIT $2[0m  [["id", 2], ["LIMIT", 1]]
  [1m[36mBooking Create (0.3ms)[0m  [1m[32mINSERT INTO "bookings" ("user_id", "table_id", "start_time", "duration", "created_at", "updated_at") VALUES ($1, $2, $3, $4, $5, $6) RETURNING "id"[0m  [["user_id", 2], ["table_id", 1], ["start_time", 1589657130], ["duration", 1800], ["created_at", "2020-05-16 17:23:03.124586"], ["updated_at", "2020-05-16 17:23:03.124586"]]
  [1m[35m (1.6ms)[0m  [1m[35mCOMMIT[0m
  [1m[36mUser Load (0.4ms)[0m  [1m[34mSELECT "users".* FROM "users" ORDER BY "users"."id" ASC LIMIT $1[0m  [["LIMIT", 1]]
  [1m[36mTable Load (0.2ms)[0m  [1m[34mSELECT "tables".* FROM "tables" ORDER BY "tables"."id" ASC LIMIT $1[0m  [["LIMIT", 1]]
  [1m[35m (0.2ms)[0m  [1m[35mBEGIN[0m
  [1m[36mTable Load (0.2ms)[0m  [1m[34mSELECT "tables".* FROM "tables" WHERE "tables"."id" = $1 LIMIT $2[0m  [["id", 1], ["LIMIT", 1]]
  [1m[36mBooking Exists? (0.3ms)[0m  [1m[34mSELECT 1 AS one FROM "bookings" WHERE "bookings"."table_id" = $1 AND (1589650530 BETWEEN start_time AND start_time + duration - 1 OR 1589652330 BETWEEN start_time + 1 AND start_time + duration) LIMIT $2[0m  [["table_id", 1], ["LIMIT", 1]]
  [1m[36mRestaurant Load (0.6ms)[0m  [1m[34mSELECT "restaurants".* FROM "restaurants" WHERE "restaurants"."id" = $1 LIMIT $2[0m  [["id", 1], ["LIMIT", 1]]
  [1m[36mUser Load (0.7ms)[0m  [1m[34mSELECT "users".* FROM "users" WHERE "users"."id" = $1 LIMIT $2[0m  [["id", 2], ["LIMIT", 1]]
  [1m[35m (0.1ms)[0m  [1m[31mROLLBACK[0m
  [1m[36mUser Load (0.4ms)[0m  [1m[34mSELECT "users".* FROM "users" ORDER BY "users"."id" ASC LIMIT $1[0m  [["LIMIT", 1]]
  [1m[36mTable Load (0.6ms)[0m  [1m[34mSELECT "tables".* FROM "tables" ORDER BY "tables"."id" ASC LIMIT $1[0m  [["LIMIT", 1]]
  [1m[35m (0.2ms)[0m  [1m[35mBEGIN[0m
  [1m[36mTable Load (0.3ms)[0m  [1m[34mSELECT "tables".* FROM "tables" WHERE "tables"."id" = $1 LIMIT $2[0m  [["id", 1], ["LIMIT", 1]]
  [1m[36mBooking Exists? (0.3ms)[0m  [1m[34mSELECT 1 AS one FROM "bookings" WHERE "bookings"."table_id" = $1 AND (1589659530 BETWEEN start_time AND start_time + duration - 1 OR 1589661330 BETWEEN start_time + 1 AND start_time + duration) LIMIT $2[0m  [["table_id", 1], ["LIMIT", 1]]
  [1m[36mRestaurant Load (0.2ms)[0m  [1m[34mSELECT "restaurants".* FROM "restaurants" WHERE "restaurants"."id" = $1 LIMIT $2[0m  [["id", 1], ["LIMIT", 1]]
  [1m[36mUser Load (0.2ms)[0m  [1m[34mSELECT "users".* FROM "users" WHERE "users"."id" = $1 LIMIT $2[0m  [["id", 2], ["LIMIT", 1]]
  [1m[36mBooking Create (0.2ms)[0m  [1m[32mINSERT INTO "bookings" ("user_id", "table_id", "start_time", "duration", "created_at", "updated_at") VALUES ($1, $2, $3, $4, $5, $6) RETURNING "id"[0m  [["user_id", 2], ["table_id", 1], ["start_time", 1589659530], ["duration", 1800], ["created_at", "2020-05-16 17:23:09.540169"], ["updated_at", "2020-05-16 17:23:09.540169"]]
  [1m[35m (1.5ms)[0m  [1m[35mCOMMIT[0m
  [1m[36mUser Load (0.3ms)[0m  [1m[34mSELECT "users".* FROM "users" ORDER BY "users"."id" ASC LIMIT $1[0m  [["LIMIT", 1]]
  [1m[36mTable Load (0.2ms)[0m  [1m[34mSELECT "tables".* FROM "tables" ORDER BY "tables"."id" ASC LIMIT $1[0m  [["LIMIT", 1]]
  [1m[35m (0.2ms)[0m  [1m[35mBEGIN[0m
  [1m[36mTable Load (0.1ms)[0m  [1m[34mSELECT "tables".* FROM "tables" WHERE "tables"."id" = $1 LIMIT $2[0m  [["id", 1], ["LIMIT", 1]]
  [1m[36mBooking Exists? (0.3ms)[0m  [1m[34mSELECT 1 AS one FROM "bookings" WHERE "bookings"."table_id" = $1 AND (1589659530 BETWEEN start_time AND start_time + duration - 1 OR 1589661330 BETWEEN start_time + 1 AND start_time + duration) LIMIT $2[0m  [["table_id", 1], ["LIMIT", 1]]
  [1m[36mRestaurant Load (0.1ms)[0m  [1m[34mSELECT "restaurants".* FROM "restaurants" WHERE "restaurants"."id" = $1 LIMIT $2[0m  [["id", 1], ["LIMIT", 1]]
  [1m[36mUser Load (0.2ms)[0m  [1m[34mSELECT "users".* FROM "users" WHERE "users"."id" = $1 LIMIT $2[0m  [["id", 2], ["LIMIT", 1]]
  [1m[35m (0.3ms)[0m  [1m[31mROLLBACK[0m
  [1m[36mUser Load (0.3ms)[0m  [1m[34mSELECT "users".* FROM "users" ORDER BY "users"."id" ASC LIMIT $1[0m  [["LIMIT", 1]]
  [1m[36mTable Load (0.2ms)[0m  [1m[34mSELECT "tables".* FROM "tables" ORDER BY "tables"."id" ASC LIMIT $1[0m  [["LIMIT", 1]]
  [1m[35m (0.1ms)[0m  [1m[35mBEGIN[0m
  [1m[36mTable Load (0.2ms)[0m  [1m[34mSELECT "tables".* FROM "tables" WHERE "tables"."id" = $1 LIMIT $2[0m  [["id", 1], ["LIMIT", 1]]
  [1m[36mBooking Exists? (0.5ms)[0m  [1m[34mSELECT 1 AS one FROM "bookings" WHERE "bookings"."table_id" = $1 AND (0 BETWEEN start_time AND start_time + duration - 1 OR 1800 BETWEEN start_time + 1 AND start_time + duration) LIMIT $2[0m  [["table_id", 1], ["LIMIT", 1]]
  [1m[36mRestaurant Load (0.2ms)[0m  [1m[34mSELECT "restaurants".* FROM "restaurants" WHERE "restaurants"."id" = $1 LIMIT $2[0m  [["id", 1], ["LIMIT", 1]]
  [1m[36mUser Load (0.2ms)[0m  [1m[34mSELECT "users".* FROM "users" WHERE "users"."id" = $1 LIMIT $2[0m  [["id", 2], ["LIMIT", 1]]
  [1m[35m (0.1ms)[0m  [1m[31mROLLBACK[0m
  [1m[36mUser Load (0.6ms)[0m  [1m[34mSELECT "users".* FROM "users" ORDER BY "users"."id" ASC LIMIT $1[0m  [["LIMIT", 1]]
  [1m[36mTable Load (0.2ms)[0m  [1m[34mSELECT "tables".* FROM "tables" ORDER BY "tables"."id" ASC LIMIT $1[0m  [["LIMIT", 1]]
  [1m[35m (0.1ms)[0m  [1m[35mBEGIN[0m
  [1m[36mTable Load (0.2ms)[0m  [1m[34mSELECT "tables".* FROM "tables" WHERE "tables"."id" = $1 LIMIT $2[0m  [["id", 1], ["LIMIT", 1]]
  [1m[36mBooking Exists? (0.3ms)[0m  [1m[34mSELECT 1 AS one FROM "bookings" WHERE "bookings"."table_id" = $1 AND (0 BETWEEN start_time AND start_time + duration - 1 OR 1800 BETWEEN start_time + 1 AND start_time + duration) LIMIT $2[0m  [["table_id", 1], ["LIMIT", 1]]
  [1m[36mRestaurant Load (0.3ms)[0m  [1m[34mSELECT "restaurants".* FROM "restaurants" WHERE "restaurants"."id" = $1 LIMIT $2[0m  [["id", 1], ["LIMIT", 1]]
  [1m[36mUser Load (0.2ms)[0m  [1m[34mSELECT "users".* FROM "users" WHERE "users"."id" = $1 LIMIT $2[0m  [["id", 2], ["LIMIT", 1]]
  [1m[35m (0.1ms)[0m  [1m[31mROLLBACK[0m
  [1m[36mUser Load (0.4ms)[0m  [1m[34mSELECT "users".* FROM "users" ORDER BY "users"."id" ASC LIMIT $1[0m  [["LIMIT", 1]]
  [1m[36mTable Load (0.2ms)[0m  [1m[34mSELECT "tables".* FROM "tables" ORDER BY "tables"."id" ASC LIMIT $1[0m  [["LIMIT", 1]]
  [1m[35m (0.2ms)[0m  [1m[35mBEGIN[0m
  [1m[36mTable Load (0.3ms)[0m  [1m[34mSELECT "tables".* FROM "tables" WHERE "tables"."id" = $1 LIMIT $2[0m  [["id", 1], ["LIMIT", 1]]
  [1m[36mBooking Exists? (0.3ms)[0m  [1m[34mSELECT 1 AS one FROM "bookings" WHERE "bookings"."table_id" = $1 AND (0 BETWEEN start_time AND start_time + duration - 1 OR 1800 BETWEEN start_time + 1 AND start_time + duration) LIMIT $2[0m  [["table_id", 1], ["LIMIT", 1]]
  [1m[36mRestaurant Load (0.2ms)[0m  [1m[34mSELECT "restaurants".* FROM "restaurants" WHERE "restaurants"."id" = $1 LIMIT $2[0m  [["id", 1], ["LIMIT", 1]]
  [1m[36mUser Load (0.2ms)[0m  [1m[34mSELECT "users".* FROM "users" WHERE "users"."id" = $1 LIMIT $2[0m  [["id", 2], ["LIMIT", 1]]
  [1m[35m (0.1ms)[0m  [1m[31mROLLBACK[0m
  [1m[36mUser Load (0.4ms)[0m  [1m[34mSELECT "users".* FROM "users" ORDER BY "users"."id" ASC LIMIT $1[0m  [["LIMIT", 1]]
  [1m[36mTable Load (0.8ms)[0m  [1m[34mSELECT "tables".* FROM "tables" ORDER BY "tables"."id" ASC LIMIT $1[0m  [["LIMIT", 1]]
  [1m[35m (0.1ms)[0m  [1m[35mBEGIN[0m
  [1m[36mTable Load (0.2ms)[0m  [1m[34mSELECT "tables".* FROM "tables" WHERE "tables"."id" = $1 LIMIT $2[0m  [["id", 1], ["LIMIT", 1]]
  [1m[36mBooking Exists? (0.3ms)[0m  [1m[34mSELECT 1 AS one FROM "bookings" WHERE "bookings"."table_id" = $1 AND (0 BETWEEN start_time AND start_time + duration - 1 OR 1801 BETWEEN start_time + 1 AND start_time + duration) LIMIT $2[0m  [["table_id", 1], ["LIMIT", 1]]
  [1m[36mRestaurant Load (0.2ms)[0m  [1m[34mSELECT "restaurants".* FROM "restaurants" WHERE "restaurants"."id" = $1 LIMIT $2[0m  [["id", 1], ["LIMIT", 1]]
  [1m[36mUser Load (0.1ms)[0m  [1m[34mSELECT "users".* FROM "users" WHERE "users"."id" = $1 LIMIT $2[0m  [["id", 2], ["LIMIT", 1]]
  [1m[35m (0.1ms)[0m  [1m[31mROLLBACK[0m
